test2.obj : error LNK2019: __imp_glClear"void __cdecl myGlutDisplay(void)" (?myGlutDisplay@@YAXXZ) 함수에서 참조되는 확인할 수 없는 외부 기호
test2.obj : error LNK2019: __imp_glClearColor"void __cdecl myGlutDisplay(void)" (?myGlutDisplay@@YAXXZ) 함수에서 참조되는 확인할 수 없는 외부 기호
test2.obj : error LNK2019: __imp_glEnablemain 함수에서 참조되는 확인할 수 없는 외부 기호
test2.obj : error LNK2019: __imp_glFrustum"void __cdecl myGlutReshape(int,int)" (?myGlutReshape@@YAXHH@Z) 함수에서 참조되는 확인할 수 없는 외부 기호
test2.obj : error LNK2019: __imp_glLightfvmain 함수에서 참조되는 확인할 수 없는 외부 기호
test2.obj : error LNK2019: __imp_glLoadIdentity"void __cdecl myGlutDisplay(void)" (?myGlutDisplay@@YAXXZ) 함수에서 참조되는 확인할 수 없는 외부 기호
test2.obj : error LNK2019: __imp_glMatrixMode"void __cdecl myGlutDisplay(void)" (?myGlutDisplay@@YAXXZ) 함수에서 참조되는 확인할 수 없는 외부 기호
test2.obj : error LNK2019: __imp_glRotatef"void __cdecl myGlutDisplay(void)" (?myGlutDisplay@@YAXXZ) 함수에서 참조되는 확인할 수 없는 외부 기호
test2.obj : error LNK2019: __imp_glTranslatef"void __cdecl myGlutDisplay(void)" (?myGlutDisplay@@YAXXZ) 함수에서 참조되는 확인할 수 없는 외부 기호
test2.obj : error LNK2019: __imp_glViewport"void __cdecl myGlutReshape(int,int)" (?myGlutReshape@@YAXHH@Z) 함수에서 참조되는 확인할 수 없는 외부 기호
test2.obj : error LNK2019: glutInitmain 함수에서 참조되는 확인할 수 없는 외부 기호
test2.obj : error LNK2019: glutInitDisplayModemain 함수에서 참조되는 확인할 수 없는 외부 기호
test2.obj : error LNK2019: glutInitWindowPositionmain 함수에서 참조되는 확인할 수 없는 외부 기호
test2.obj : error LNK2019: glutInitWindowSizemain 함수에서 참조되는 확인할 수 없는 외부 기호
test2.obj : error LNK2019: glutMainLoopmain 함수에서 참조되는 확인할 수 없는 외부 기호
test2.obj : error LNK2019: glutCreateWindowmain 함수에서 참조되는 확인할 수 없는 외부 기호
test2.obj : error LNK2019: glutPostRedisplay"void __cdecl myGlutIdle(void)" (?myGlutIdle@@YAXXZ) 함수에서 참조되는 확인할 수 없는 외부 기호
test2.obj : error LNK2019: glutSwapBuffers"void __cdecl myGlutDisplay(void)" (?myGlutDisplay@@YAXXZ) 함수에서 참조되는 확인할 수 없는 외부 기호
test2.obj : error LNK2019: glutGetWindow"void __cdecl myGlutIdle(void)" (?myGlutIdle@@YAXXZ) 함수에서 참조되는 확인할 수 없는 외부 기호
test2.obj : error LNK2019: glutSetWindow"void __cdecl myGlutIdle(void)" (?myGlutIdle@@YAXXZ) 함수에서 참조되는 확인할 수 없는 외부 기호
test2.obj : error LNK2019: glutDisplayFuncmain 함수에서 참조되는 확인할 수 없는 외부 기호
test2.obj : error LNK2019: glutReshapeFuncmain 함수에서 참조되는 확인할 수 없는 외부 기호
test2.obj : error LNK2019: glutWireTorus"void __cdecl myGlutDisplay(void)" (?myGlutDisplay@@YAXXZ) 함수에서 참조되는 확인할 수 없는 외부 기호
test2.obj : error LNK2019: glutSolidTorus"void __cdecl myGlutDisplay(void)" (?myGlutDisplay@@YAXXZ) 함수에서 참조되는 확인할 수 없는 외부 기호
test2.obj : error LNK2019: "public: void __cdecl GLUI_Master_Object::set_glutIdleFunc(void (__cdecl*)(void))" (?set_glutIdleFunc@GLUI_Master_Object@@QEAAXP6AXXZ@Z)main 함수에서 참조되는 확인할 수 없는 외부 기호
test2.obj : error LNK2019: "public: class GLUI * __cdecl GLUI_Master_Object::create_glui(char const *,long,int,int)" (?create_glui@GLUI_Master_Object@@QEAAPEAVGLUI@@PEBDJHH@Z)main 함수에서 참조되는 확인할 수 없는 외부 기호
test2.obj : error LNK2019: "public: __cdecl GLUI_Checkbox::GLUI_Checkbox(class GLUI_Node *,char const *,int *,int,class GLUI_CB)" (??0GLUI_Checkbox@@QEAA@PEAVGLUI_Node@@PEBDPEAHHVGLUI_CB@@@Z)main 함수에서 참조되는 확인할 수 없는 외부 기호
test2.obj : error LNK2019: "public: void __cdecl GLUI::set_main_gfx_window(int)" (?set_main_gfx_window@GLUI@@QEAAXH@Z)main 함수에서 참조되는 확인할 수 없는 외부 기호
test2.obj : error LNK2019: "public: __cdecl GLUI_Spinner::GLUI_Spinner(class GLUI_Node *,char const *,int *,int,class GLUI_CB)" (??0GLUI_Spinner@@QEAA@PEAVGLUI_Node@@PEBDPEAHHVGLUI_CB@@@Z)main 함수에서 참조되는 확인할 수 없는 외부 기호
test2.obj : error LNK2019: "public: void __cdecl GLUI_Spinner::set_int_limits(int,int,int)" (?set_int_limits@GLUI_Spinner@@QEAAXHHH@Z)main 함수에서 참조되는 확인할 수 없는 외부 기호
test2.obj : error LNK2001: 확인할 수 없는 외부 기호 "class GLUI_Master_Object GLUI_Master" (?GLUI_Master@@3VGLUI_Master_Object@@A)
C:\OpenGL\lib\opengl32.lib : warning LNK4272: 'x86' 라이브러리 컴퓨터 종류가 'x64' 대상 컴퓨터 종류와 충돌합니다.
C:\OpenGL\lib\glu32.lib : warning LNK4272: 'x86' 라이브러리 컴퓨터 종류가 'x64' 대상 컴퓨터 종류와 충돌합니다.
C:\OpenGL\lib\glut32.lib : warning LNK4272: 'x86' 라이브러리 컴퓨터 종류가 'x64' 대상 컴퓨터 종류와 충돌합니다.
C:\OpenGL\lib\glui32d.lib : warning LNK4272: 'x86' 라이브러리 컴퓨터 종류가 'x64' 대상 컴퓨터 종류와 충돌합니다.
C:\Users\KimTeddy\Documents\Visual Studio 2022\OpenCV\x64\Debug\OpenCV.exe : fatal error LNK1120: 31개의 확인할 수 없는 외부 참조입니다.
